<?xml version="1.0" encoding="UTF-8"?>
<!-- Generated by org.testng.reporters.JUnitXMLReporter -->
<testsuite ignored="0" hostname="Mohannads-MBP.askey.com" failures="0" tests="5" name="Default test" time="4.142" errors="0" timestamp="2023-01-24T20:00:46 MST">
  <testcase classname="api_tests.ApiTest" name="login" time="1.661"/>
  <testcase classname="api_tests.ApiTest" name="createCustomer" time="0.66"/>
  <testcase classname="api_tests.ApiTest" name="updateCustomer" time="0.656"/>
  <testcase classname="api_tests.ApiTest" name="deleteCustomer" time="0.44"/>
  <testcase classname="api_tests.ApiTest" name="logout" time="0.374"/>
</testsuite> <!-- Default test -->
