<?xml version="1.0" encoding="UTF-8"?>
<!-- Generated by org.testng.reporters.JUnitXMLReporter -->
<testsuite ignored="0" hostname="Mohannads-MBP.askey.com" failures="0" tests="5" name="Default test" time="3.961" errors="0" timestamp="2023-01-26T20:53:53 MST">
  <testcase classname="api_tests.ApiTest" name="login" time="1.416"/>
  <testcase classname="api_tests.ApiTest" name="createCustomer" time="0.64"/>
  <testcase classname="api_tests.ApiTest" name="updateCustomer" time="0.573"/>
  <testcase classname="api_tests.ApiTest" name="deleteCustomer" time="0.537"/>
  <testcase classname="api_tests.ApiTest" name="logout" time="0.508"/>
</testsuite> <!-- Default test -->
